2026-07-01 00:14:23,563 [daml.index.db.connection.api-server housekeeper] WARN  com.zaxxer.hikari.pool.HikariPool - daml.index.db.connection.api-server - Thread starvation or clock leap detected (housekeeper delta=1h16m36s126ms).
2026-07-01 00:14:23,564 [daml.index.db.connection.indexer housekeeper] WARN  com.zaxxer.hikari.pool.HikariPool - daml.index.db.connection.indexer - Thread starvation or clock leap detected (housekeeper delta=1h16m36s127ms).
2026-07-01 00:59:48,758 [canton-env-ec-28] INFO  c.d.c.d.s.a.MemberAuthenticationServiceOld:domain=local - PAR::sandbox::12206e82697d... authenticated new token with expiry 2026-07-01T00:59:48.757950Z
2026-07-01 01:16:25,086 [canton-env-ec-79] INFO  c.d.c.s.c.t.GrpcSequencerSubscription:participant=sandbox/domainId=local::12207accedc2 - The sequencer subscription has been terminated by the server.
2026-07-01 01:16:25,088 [canton-env-ec-24] INFO  c.d.c.s.c.t.GrpcSubscriptionErrorRetryPolicy:participant=sandbox/domainId=local::12207accedc2 - Trying to reconnect to give the sequencer the opportunity to become available again (after Connection terminated by the server.)
2026-07-01 01:16:25,090 [canton-env-ec-74] INFO  c.d.c.s.c.t.GrpcSequencerSubscription:domain=local/client=topology-manager - The sequencer subscription has been terminated by the server.
2026-07-01 01:16:25,090 [canton-env-ec-71] INFO  c.d.c.s.c.t.GrpcSubscriptionErrorRetryPolicy:domain=local/client=topology-manager - Trying to reconnect to give the sequencer the opportunity to become available again (after Connection terminated by the server.)
2026-07-01 01:16:25,093 [canton-env-ec-71] INFO  c.d.c.s.c.t.GrpcSequencerSubscription:domain=local/client=mediator - The sequencer subscription has been terminated by the server.
2026-07-01 01:16:25,093 [canton-env-ec-23] INFO  c.d.c.s.c.t.GrpcSubscriptionErrorRetryPolicy:domain=local/client=mediator - Trying to reconnect to give the sequencer the opportunity to become available again (after Connection terminated by the server.)
2026-07-01 01:16:25,100 [canton-env-ec-70] INFO  c.d.c.d.s.a.MemberAuthenticationServiceOld:domain=local - DOM::local::12207accedc2... authenticated new token with expiry 2026-07-01T01:16:25.100674Z
2026-07-01 01:16:25,103 [canton-env-ec-28] INFO  c.d.c.d.s.a.MemberAuthenticationServiceOld:domain=local - MED::local::12207accedc2... authenticated new token with expiry 2026-07-01T01:16:25.103029Z
2026-07-01 01:16:25,152 [canton-env-ec-28] INFO  c.d.c.d.s.s.GrpcSequencerService:domain=local - MED::local::12207accedc2... subscribes from counter=35
2026-07-01 01:16:25,159 [canton-env-ec-30] INFO  c.d.c.d.s.s.GrpcSequencerService:domain=local - PAR::sandbox::12206e82697d... subscribes from counter=44
2026-07-01 01:16:25,167 [canton-env-ec-24] INFO  c.d.c.d.s.s.GrpcSequencerService:domain=local - DOM::local::12207accedc2... subscribes from counter=21
2026-07-01 01:48:40,975 [daml.index.db.connection.api-server housekeeper] WARN  com.zaxxer.hikari.pool.HikariPool - daml.index.db.connection.api-server - Thread starvation or clock leap detected (housekeeper delta=1h34m17s411ms).
2026-07-01 01:48:40,976 [daml.index.db.connection.indexer housekeeper] WARN  com.zaxxer.hikari.pool.HikariPool - daml.index.db.connection.indexer - Thread starvation or clock leap detected (housekeeper delta=1h34m17s411ms).
2026-07-01 02:04:52,566 [canton-env-ec-70] INFO  c.d.c.d.s.a.MemberAuthenticationServiceOld:domain=local - PAR::sandbox::12206e82697d... authenticated new token with expiry 2026-07-01T02:04:52.565945Z
2026-07-01 03:08:08,533 [canton-env-ec-88] INFO  c.d.c.d.s.a.MemberAuthenticationServiceOld:domain=local - PAR::sandbox::12206e82697d... authenticated new token with expiry 2026-07-01T03:08:08.533285Z
2026-07-01 03:08:10,690 [daml.index.db.connection.indexer housekeeper] WARN  com.zaxxer.hikari.pool.HikariPool - daml.index.db.connection.indexer - Thread starvation or clock leap detected (housekeeper delta=1h19m29s715ms).
2026-07-01 03:08:10,690 [daml.index.db.connection.api-server housekeeper] WARN  com.zaxxer.hikari.pool.HikariPool - daml.index.db.connection.api-server - Thread starvation or clock leap detected (housekeeper delta=1h19m29s716ms).
2026-07-01 04:14:16,229 [canton-env-ec-70] INFO  c.d.c.s.c.t.GrpcSequencerSubscription:participant=sandbox/domainId=local::12207accedc2 - The sequencer subscription has been terminated by the server.
2026-07-01 04:14:16,233 [canton-env-ec-30] INFO  c.d.c.s.c.t.GrpcSequencerSubscription:domain=local/client=topology-manager - The sequencer subscription has been terminated by the server.
2026-07-01 04:14:16,234 [canton-env-ec-28] INFO  c.d.c.s.c.t.GrpcSubscriptionErrorRetryPolicy:participant=sandbox/domainId=local::12207accedc2 - Trying to reconnect to give the sequencer the opportunity to become available again (after Connection terminated by the server.)
2026-07-01 04:14:16,234 [canton-env-ec-24] INFO  c.d.c.s.c.t.GrpcSubscriptionErrorRetryPolicy:domain=local/client=topology-manager - Trying to reconnect to give the sequencer the opportunity to become available again (after Connection terminated by the server.)
2026-07-01 04:14:16,236 [canton-env-ec-28] INFO  c.d.c.s.c.t.GrpcSequencerSubscription:domain=local/client=mediator - The sequencer subscription has been terminated by the server.
2026-07-01 04:14:16,237 [canton-env-ec-23] INFO  c.d.c.s.c.t.GrpcSubscriptionErrorRetryPolicy:domain=local/client=mediator - Trying to reconnect to give the sequencer the opportunity to become available again (after Connection terminated by the server.)
2026-07-01 04:14:16,259 [canton-env-ec-88] INFO  c.d.c.d.s.a.MemberAuthenticationServiceOld:domain=local - DOM::local::12207accedc2... authenticated new token with expiry 2026-07-01T04:14:16.259583Z
2026-07-01 04:14:16,260 [canton-env-ec-23] INFO  c.d.c.d.s.a.MemberAuthenticationServiceOld:domain=local - MED::local::12207accedc2... authenticated new token with expiry 2026-07-01T04:14:16.260340Z
2026-07-01 04:14:16,299 [canton-env-ec-71] INFO  c.d.c.d.s.s.GrpcSequencerService:domain=local - MED::local::12207accedc2... subscribes from counter=35
2026-07-01 04:14:16,302 [canton-env-ec-24] INFO  c.d.c.d.s.s.GrpcSequencerService:domain=local - DOM::local::12207accedc2... subscribes from counter=21
2026-07-01 04:14:16,348 [canton-env-ec-74] INFO  c.d.c.s.c.t.GrpcSubscriptionErrorRetryPolicy:participant=sandbox/domainId=local::12207accedc2 - Trying to reconnect to give the sequencer the opportunity to refresh the authentication token.
2026-07-01 04:14:16,492 [canton-env-ec-24] INFO  c.d.c.d.s.a.MemberAuthenticationServiceOld:domain=local - PAR::sandbox::12206e82697d... authenticated new token with expiry 2026-07-01T04:14:16.492230Z
2026-07-01 04:14:16,496 [canton-env-ec-23] INFO  c.d.c.d.s.s.GrpcSequencerService:domain=local - PAR::sandbox::12206e82697d... subscribes from counter=44
2026-07-01 04:14:16,594 [canton-env-ec-88] INFO  c.d.c.d.s.a.MemberAuthenticationServiceOld:domain=local - PAR::sandbox::12206e82697d... authenticated new token with expiry 2026-07-01T04:14:16.594236Z
2026-07-01 04:37:35,747 [daml.index.db.connection.indexer housekeeper] WARN  com.zaxxer.hikari.pool.HikariPool - daml.index.db.connection.indexer - Thread starvation or clock leap detected (housekeeper delta=1h29m25s57ms).
2026-07-01 04:37:35,747 [daml.index.db.connection.api-server housekeeper] WARN  com.zaxxer.hikari.pool.HikariPool - daml.index.db.connection.api-server - Thread starvation or clock leap detected (housekeeper delta=1h29m25s57ms).
2026-07-01 05:23:29,480 [canton-env-ec-28] INFO  c.d.c.d.s.a.MemberAuthenticationServiceOld:domain=local - PAR::sandbox::12206e82697d... authenticated new token with expiry 2026-07-01T05:23:29.480055Z
2026-07-01 05:23:29,481 [canton-env-ec-79] INFO  c.d.c.d.s.a.MemberAuthenticationServiceOld:domain=local - PAR::sandbox::12206e82697d... authenticated new token with expiry 2026-07-01T05:23:29.481520Z
2026-07-01 05:55:40,808 [daml.index.db.threadpool.connection.indexer-11] INFO  c.d.c.p.i.MeteringAggregator:participant=sandbox - Aggregating transaction metering for LedgerMeteringEnd(Offset(Bytes(00000000000000000e)),2026-06-30T20:00:00Z)
2026-07-01 05:55:40,809 [daml.index.db.threadpool.connection.indexer-11] INFO  c.d.c.p.i.MeteringAggregator:participant=sandbox - Aggregating transaction metering completed up to LedgerMeteringEnd(Offset(Bytes(00000000000000000e)),2026-06-30T20:00:00Z)
2026-07-01 05:55:40,810 [daml.index.db.threadpool.connection.indexer-11] INFO  c.d.c.p.i.MeteringAggregator:participant=sandbox - Aggregating transaction metering for LedgerMeteringEnd(Offset(Bytes(00000000000000000e)),2026-06-30T21:00:00Z)
2026-07-01 05:55:40,811 [daml.index.db.threadpool.connection.indexer-11] INFO  c.d.c.p.i.MeteringAggregator:participant=sandbox - Aggregating transaction metering completed up to LedgerMeteringEnd(Offset(Bytes(00000000000000000e)),2026-06-30T21:00:00Z)
2026-07-01 05:55:40,812 [daml.index.db.threadpool.connection.indexer-11] INFO  c.d.c.p.i.MeteringAggregator:participant=sandbox - Aggregating transaction metering for LedgerMeteringEnd(Offset(Bytes(00000000000000000e)),2026-06-30T22:00:00Z)
2026-07-01 05:55:40,812 [daml.index.db.threadpool.connection.indexer-11] INFO  c.d.c.p.i.MeteringAggregator:participant=sandbox - Aggregating transaction metering completed up to LedgerMeteringEnd(Offset(Bytes(00000000000000000e)),2026-06-30T22:00:00Z)
2026-07-01 05:55:40,813 [daml.index.db.threadpool.connection.indexer-11] INFO  c.d.c.p.i.MeteringAggregator:participant=sandbox - Aggregating transaction metering for LedgerMeteringEnd(Offset(Bytes(00000000000000000e)),2026-06-30T23:00:00Z)
2026-07-01 05:55:40,814 [daml.index.db.threadpool.connection.indexer-11] INFO  c.d.c.p.i.MeteringAggregator:participant=sandbox - Aggregating transaction metering completed up to LedgerMeteringEnd(Offset(Bytes(00000000000000000e)),2026-06-30T23:00:00Z)
2026-07-01 05:55:40,815 [daml.index.db.threadpool.connection.indexer-14] INFO  c.d.c.p.i.MeteringAggregator:participant=sandbox - Aggregating transaction metering for LedgerMeteringEnd(Offset(Bytes(00000000000000000e)),2026-07-01T00:00:00Z)
2026-07-01 05:55:40,815 [daml.index.db.threadpool.connection.indexer-14] INFO  c.d.c.p.i.MeteringAggregator:participant=sandbox - Aggregating transaction metering completed up to LedgerMeteringEnd(Offset(Bytes(00000000000000000e)),2026-07-01T00:00:00Z)
2026-07-01 05:55:40,817 [daml.index.db.threadpool.connection.indexer-16] INFO  c.d.c.p.i.MeteringAggregator:participant=sandbox - Aggregating transaction metering for LedgerMeteringEnd(Offset(Bytes(00000000000000000e)),2026-07-01T01:00:00Z)
2026-07-01 05:55:40,817 [daml.index.db.threadpool.connection.indexer-16] INFO  c.d.c.p.i.MeteringAggregator:participant=sandbox - Aggregating transaction metering completed up to LedgerMeteringEnd(Offset(Bytes(00000000000000000e)),2026-07-01T01:00:00Z)
2026-07-01 05:55:40,818 [daml.index.db.threadpool.connection.indexer-16] INFO  c.d.c.p.i.MeteringAggregator:participant=sandbox - Aggregating transaction metering for LedgerMeteringEnd(Offset(Bytes(00000000000000000e)),2026-07-01T02:00:00Z)
2026-07-01 05:55:40,819 [daml.index.db.threadpool.connection.indexer-16] INFO  c.d.c.p.i.MeteringAggregator:participant=sandbox - Aggregating transaction metering completed up to LedgerMeteringEnd(Offset(Bytes(00000000000000000e)),2026-07-01T02:00:00Z)
2026-07-01 05:55:40,820 [daml.index.db.threadpool.connection.indexer-16] INFO  c.d.c.p.i.MeteringAggregator:participant=sandbox - Aggregating transaction metering for LedgerMeteringEnd(Offset(Bytes(00000000000000000e)),2026-07-01T03:00:00Z)
2026-07-01 05:55:40,820 [daml.index.db.threadpool.connection.indexer-16] INFO  c.d.c.p.i.MeteringAggregator:participant=sandbox - Aggregating transaction metering completed up to LedgerMeteringEnd(Offset(Bytes(00000000000000000e)),2026-07-01T03:00:00Z)
2026-07-01 05:55:40,821 [daml.index.db.threadpool.connection.indexer-16] INFO  c.d.c.p.i.MeteringAggregator:participant=sandbox - Aggregating transaction metering for LedgerMeteringEnd(Offset(Bytes(00000000000000000e)),2026-07-01T04:00:00Z)
2026-07-01 05:55:40,821 [daml.index.db.threadpool.connection.indexer-16] INFO  c.d.c.p.i.MeteringAggregator:participant=sandbox - Aggregating transaction metering completed up to LedgerMeteringEnd(Offset(Bytes(00000000000000000e)),2026-07-01T04:00:00Z)
2026-07-01 05:55:43,037 [daml.index.db.connection.api-server housekeeper] WARN  com.zaxxer.hikari.pool.HikariPool - daml.index.db.connection.api-server - Thread starvation or clock leap detected (housekeeper delta=1h18m7s289ms).
2026-07-01 05:55:43,037 [daml.index.db.connection.indexer housekeeper] WARN  com.zaxxer.hikari.pool.HikariPool - daml.index.db.connection.indexer - Thread starvation or clock leap detected (housekeeper delta=1h18m7s289ms).
2026-07-01 06:30:40,506 [canton-env-ec-71] INFO  c.d.c.d.s.a.MemberAuthenticationServiceOld:domain=local - PAR::sandbox::12206e82697d... authenticated new token with expiry 2026-07-01T06:30:40.505858Z
2026-07-01 06:30:40,507 [canton-env-ec-30] INFO  c.d.c.d.s.a.MemberAuthenticationServiceOld:domain=local - PAR::sandbox::12206e82697d... authenticated new token with expiry 2026-07-01T06:30:40.506999Z
2026-07-01 06:51:44,505 [canton-env-ec-21] INFO  c.d.c.s.c.t.GrpcSequencerSubscription:domain=local/client=topology-manager - The sequencer subscription has been terminated by the server.
2026-07-01 06:51:44,506 [canton-env-ec-70] INFO  c.d.c.s.c.t.GrpcSubscriptionErrorRetryPolicy:domain=local/client=topology-manager - Trying to reconnect to give the sequencer the opportunity to become available again (after Connection terminated by the server.)
2026-07-01 06:51:44,508 [canton-env-ec-28] INFO  c.d.c.s.c.t.GrpcSequencerSubscription:domain=local/client=mediator - The sequencer subscription has been terminated by the server.
2026-07-01 06:51:44,508 [canton-env-ec-74] INFO  c.d.c.s.c.t.GrpcSubscriptionErrorRetryPolicy:domain=local/client=mediator - Trying to reconnect to give the sequencer the opportunity to become available again (after Connection terminated by the server.)
2026-07-01 06:51:44,511 [canton-env-ec-21] INFO  c.d.c.s.c.t.GrpcSequencerSubscription:participant=sandbox/domainId=local::12207accedc2 - The sequencer subscription has been terminated by the server.
2026-07-01 06:51:44,511 [canton-env-ec-70] INFO  c.d.c.s.c.t.GrpcSubscriptionErrorRetryPolicy:participant=sandbox/domainId=local::12207accedc2 - Trying to reconnect to give the sequencer the opportunity to become available again (after Connection terminated by the server.)
2026-07-01 06:51:44,516 [canton-env-ec-21] INFO  c.d.c.d.s.a.MemberAuthenticationServiceOld:domain=local - DOM::local::12207accedc2... authenticated new token with expiry 2026-07-01T06:51:44.516455Z
2026-07-01 06:51:44,518 [canton-env-ec-28] INFO  c.d.c.d.s.a.MemberAuthenticationServiceOld:domain=local - MED::local::12207accedc2... authenticated new token with expiry 2026-07-01T06:51:44.518342Z
2026-07-01 06:51:44,560 [canton-env-ec-28] INFO  c.d.c.d.s.s.GrpcSequencerService:domain=local - DOM::local::12207accedc2... subscribes from counter=21
2026-07-01 06:51:44,564 [canton-env-ec-21] INFO  c.d.c.d.s.s.GrpcSequencerService:domain=local - MED::local::12207accedc2... subscribes from counter=35
2026-07-01 06:51:44,566 [canton-env-ec-30] INFO  c.d.c.d.s.s.GrpcSequencerService:domain=local - PAR::sandbox::12206e82697d... subscribes from counter=44
2026-07-01 07:08:23,239 [daml.index.db.connection.api-server housekeeper] WARN  com.zaxxer.hikari.pool.HikariPool - daml.index.db.connection.api-server - Thread starvation or clock leap detected (housekeeper delta=1h12m40s203ms).
2026-07-01 07:08:23,239 [daml.index.db.connection.indexer housekeeper] WARN  com.zaxxer.hikari.pool.HikariPool - daml.index.db.connection.indexer - Thread starvation or clock leap detected (housekeeper delta=1h12m40s203ms).
2026-07-01 07:40:27,767 [canton-env-ec-21] INFO  c.d.c.d.s.a.MemberAuthenticationServiceOld:domain=local - PAR::sandbox::12206e82697d... authenticated new token with expiry 2026-07-01T07:40:27.767758Z
2026-07-01 07:40:27,768 [canton-env-ec-88] INFO  c.d.c.d.s.a.MemberAuthenticationServiceOld:domain=local - PAR::sandbox::12206e82697d... authenticated new token with expiry 2026-07-01T07:40:27.768816Z
2026-07-01 08:42:49,191 [canton-env-ec-30] INFO  c.d.c.d.s.a.MemberAuthenticationServiceOld:domain=local - PAR::sandbox::12206e82697d... authenticated new token with expiry 2026-07-01T08:42:49.191576Z
2026-07-01 08:42:49,196 [canton-env-ec-88] INFO  c.d.c.d.s.a.MemberAuthenticationServiceOld:domain=local - PAR::sandbox::12206e82697d... authenticated new token with expiry 2026-07-01T08:42:49.196023Z
2026-07-01 08:42:51,091 [daml.index.db.connection.api-server housekeeper] WARN  com.zaxxer.hikari.pool.HikariPool - daml.index.db.connection.api-server - Thread starvation or clock leap detected (housekeeper delta=1h34m27s851ms).
2026-07-01 08:42:51,091 [daml.index.db.connection.indexer housekeeper] WARN  com.zaxxer.hikari.pool.HikariPool - daml.index.db.connection.indexer - Thread starvation or clock leap detected (housekeeper delta=1h34m27s852ms).
2026-07-01 09:43:41,321 [canton-env-ec-74] INFO  c.d.c.s.c.t.GrpcSequencerSubscription:participant=sandbox/domainId=local::12207accedc2 - The sequencer subscription has been terminated by the server.
2026-07-01 09:43:41,322 [canton-env-ec-70] INFO  c.d.c.s.c.t.GrpcSubscriptionErrorRetryPolicy:participant=sandbox/domainId=local::12207accedc2 - Trying to reconnect to give the sequencer the opportunity to become available again (after Connection terminated by the server.)
2026-07-01 09:43:41,325 [canton-env-ec-71] INFO  c.d.c.s.c.t.GrpcSequencerSubscription:domain=local/client=topology-manager - The sequencer subscription has been terminated by the server.
2026-07-01 09:43:41,325 [canton-env-ec-30] INFO  c.d.c.s.c.t.GrpcSubscriptionErrorRetryPolicy:domain=local/client=topology-manager - Trying to reconnect to give the sequencer the opportunity to become available again (after Connection terminated by the server.)
2026-07-01 09:43:41,328 [canton-env-ec-79] INFO  c.d.c.s.c.t.GrpcSequencerSubscription:domain=local/client=mediator - The sequencer subscription has been terminated by the server.
2026-07-01 09:43:41,328 [canton-env-ec-70] INFO  c.d.c.s.c.t.GrpcSubscriptionErrorRetryPolicy:domain=local/client=mediator - Trying to reconnect to give the sequencer the opportunity to become available again (after Connection terminated by the server.)
2026-07-01 09:43:41,337 [canton-env-ec-21] INFO  c.d.c.d.s.a.MemberAuthenticationServiceOld:domain=local - DOM::local::12207accedc2... authenticated new token with expiry 2026-07-01T09:43:41.336475Z
2026-07-01 09:43:41,337 [canton-env-ec-71] INFO  c.d.c.d.s.a.MemberAuthenticationServiceOld:domain=local - MED::local::12207accedc2... authenticated new token with expiry 2026-07-01T09:43:41.337181Z
2026-07-01 09:43:41,385 [canton-env-ec-88] INFO  c.d.c.d.s.s.GrpcSequencerService:domain=local - DOM::local::12207accedc2... subscribes from counter=21
2026-07-01 09:43:41,385 [canton-env-ec-30] INFO  c.d.c.s.c.t.GrpcSubscriptionErrorRetryPolicy:participant=sandbox/domainId=local::12207accedc2 - Trying to reconnect to give the sequencer the opportunity to refresh the authentication token.
2026-07-01 09:43:41,389 [canton-env-ec-71] INFO  c.d.c.d.s.s.GrpcSequencerService:domain=local - MED::local::12207accedc2... subscribes from counter=35
2026-07-01 09:43:41,507 [canton-env-ec-79] INFO  c.d.c.d.s.a.MemberAuthenticationServiceOld:domain=local - PAR::sandbox::12206e82697d... authenticated new token with expiry 2026-07-01T09:43:41.506942Z
2026-07-01 09:43:41,509 [canton-env-ec-23] INFO  c.d.c.d.s.s.GrpcSequencerService:domain=local - PAR::sandbox::12206e82697d... subscribes from counter=44
2026-07-01 09:43:41,936 [canton-env-ec-79] INFO  c.d.c.d.s.a.MemberAuthenticationServiceOld:domain=local - PAR::sandbox::12206e82697d... authenticated new token with expiry 2026-07-01T09:43:41.936049Z
2026-07-01 09:43:41,936 [canton-env-ec-71] INFO  c.d.c.d.s.a.MemberAuthenticationServiceOld:domain=local - PAR::sandbox::12206e82697d... authenticated new token with expiry 2026-07-01T09:43:41.936099Z
2026-07-01 10:10:36,775 [daml.index.db.connection.api-server housekeeper] WARN  com.zaxxer.hikari.pool.HikariPool - daml.index.db.connection.api-server - Thread starvation or clock leap detected (housekeeper delta=1h27m45s685ms).
2026-07-01 10:10:36,775 [daml.index.db.connection.indexer housekeeper] WARN  com.zaxxer.hikari.pool.HikariPool - daml.index.db.connection.indexer - Thread starvation or clock leap detected (housekeeper delta=1h27m45s684ms).
2026-07-01 10:55:52,189 [canton-env-ec-74] INFO  c.d.c.d.s.a.MemberAuthenticationServiceOld:domain=local - PAR::sandbox::12206e82697d... authenticated new token with expiry 2026-07-01T10:55:52.189580Z
2026-07-01 10:55:52,191 [canton-env-ec-88] INFO  c.d.c.d.s.a.MemberAuthenticationServiceOld:domain=local - PAR::sandbox::12206e82697d... authenticated new token with expiry 2026-07-01T10:55:52.191224Z
2026-07-01 10:55:52,191 [canton-env-ec-23] INFO  c.d.c.d.s.a.MemberAuthenticationServiceOld:domain=local - PAR::sandbox::12206e82697d... authenticated new token with expiry 2026-07-01T10:55:52.191479Z
2026-07-01 11:31:13,135 [daml.index.db.connection.api-server housekeeper] WARN  com.zaxxer.hikari.pool.HikariPool - daml.index.db.connection.api-server - Thread starvation or clock leap detected (housekeeper delta=1h20m36s359ms).
2026-07-01 11:31:13,135 [daml.index.db.connection.indexer housekeeper] WARN  com.zaxxer.hikari.pool.HikariPool - daml.index.db.connection.indexer - Thread starvation or clock leap detected (housekeeper delta=1h20m36s359ms).
2026-07-01 11:56:51,856 [canton-env-ec-21] INFO  c.d.c.d.s.a.MemberAuthenticationServiceOld:domain=local - PAR::sandbox::12206e82697d... authenticated new token with expiry 2026-07-01T11:56:51.854265Z
2026-07-01 11:56:51,856 [canton-env-ec-23] INFO  c.d.c.d.s.a.MemberAuthenticationServiceOld:domain=local - PAR::sandbox::12206e82697d... authenticated new token with expiry 2026-07-01T11:56:51.854897Z
2026-07-01 11:56:51,856 [canton-env-ec-48] INFO  c.d.c.d.s.a.MemberAuthenticationServiceOld:domain=local - PAR::sandbox::12206e82697d... authenticated new token with expiry 2026-07-01T11:56:51.854258Z
2026-07-01 12:29:22,299 [canton-env-ec-28] INFO  c.d.c.s.c.t.GrpcSequencerSubscription:domain=local/client=topology-manager - The sequencer subscription has been terminated by the server.
2026-07-01 12:29:22,300 [canton-env-ec-71] INFO  c.d.c.s.c.t.GrpcSubscriptionErrorRetryPolicy:domain=local/client=topology-manager - Trying to reconnect to give the sequencer the opportunity to become available again (after Connection terminated by the server.)
2026-07-01 12:29:22,300 [canton-env-ec-71] INFO  c.d.c.s.c.t.GrpcSequencerSubscription:domain=local/client=mediator - The sequencer subscription has been terminated by the server.
2026-07-01 12:29:22,300 [canton-env-ec-30] INFO  c.d.c.s.c.t.GrpcSubscriptionErrorRetryPolicy:domain=local/client=mediator - Trying to reconnect to give the sequencer the opportunity to become available again (after Connection terminated by the server.)
2026-07-01 12:29:22,304 [canton-env-ec-48] INFO  c.d.c.s.c.t.GrpcSequencerSubscription:participant=sandbox/domainId=local::12207accedc2 - The sequencer subscription has been terminated by the server.
2026-07-01 12:29:22,304 [canton-env-ec-23] INFO  c.d.c.s.c.t.GrpcSubscriptionErrorRetryPolicy:participant=sandbox/domainId=local::12207accedc2 - Trying to reconnect to give the sequencer the opportunity to become available again (after Connection terminated by the server.)
2026-07-01 12:29:22,309 [canton-env-ec-30] INFO  c.d.c.d.s.a.MemberAuthenticationServiceOld:domain=local - DOM::local::12207accedc2... authenticated new token with expiry 2026-07-01T12:29:22.309055Z
2026-07-01 12:29:22,309 [canton-env-ec-28] INFO  c.d.c.d.s.a.MemberAuthenticationServiceOld:domain=local - MED::local::12207accedc2... authenticated new token with expiry 2026-07-01T12:29:22.309184Z
2026-07-01 12:29:22,359 [canton-env-ec-30] INFO  c.d.c.d.s.s.GrpcSequencerService:domain=local - DOM::local::12207accedc2... subscribes from counter=21
2026-07-01 12:29:22,364 [canton-env-ec-79] INFO  c.d.c.d.s.s.GrpcSequencerService:domain=local - MED::local::12207accedc2... subscribes from counter=35
2026-07-01 12:29:22,365 [canton-env-ec-21] INFO  c.d.c.d.s.s.GrpcSequencerService:domain=local - PAR::sandbox::12206e82697d... subscribes from counter=44
2026-07-01 12:34:48,434 [daml.index.db.connection.api-server housekeeper] WARN  com.zaxxer.hikari.pool.HikariPool - daml.index.db.connection.api-server - Thread starvation or clock leap detected (housekeeper delta=1h3m35s299ms).
2026-07-01 12:34:48,434 [daml.index.db.connection.indexer housekeeper] WARN  com.zaxxer.hikari.pool.HikariPool - daml.index.db.connection.indexer - Thread starvation or clock leap detected (housekeeper delta=1h3m35s299ms).
2026-07-01 12:57:54,113 [canton-env-ec-21] INFO  c.d.c.d.s.a.MemberAuthenticationServiceOld:domain=local - PAR::sandbox::12206e82697d... authenticated new token with expiry 2026-07-01T12:57:54.113027Z
2026-07-01 12:57:54,114 [canton-env-ec-71] INFO  c.d.c.d.s.a.MemberAuthenticationServiceOld:domain=local - PAR::sandbox::12206e82697d... authenticated new token with expiry 2026-07-01T12:57:54.114016Z
2026-07-01 12:57:54,114 [canton-env-ec-48] INFO  c.d.c.d.s.a.MemberAuthenticationServiceOld:domain=local - PAR::sandbox::12206e82697d... authenticated new token with expiry 2026-07-01T12:57:54.114123Z
2026-07-01 13:58:56,522 [daml.index.db.connection.api-server housekeeper] WARN  com.zaxxer.hikari.pool.HikariPool - daml.index.db.connection.api-server - Thread starvation or clock leap detected (housekeeper delta=1h24m8s89ms).
2026-07-01 13:58:56,524 [daml.index.db.connection.indexer housekeeper] WARN  com.zaxxer.hikari.pool.HikariPool - daml.index.db.connection.indexer - Thread starvation or clock leap detected (housekeeper delta=1h24m8s90ms).
2026-07-01 13:58:59,846 [canton-env-ec-88] INFO  c.d.c.d.s.a.MemberAuthenticationServiceOld:domain=local - PAR::sandbox::12206e82697d... authenticated new token with expiry 2026-07-01T13:58:59.846610Z
2026-07-01 13:58:59,846 [canton-env-ec-48] INFO  c.d.c.d.s.a.MemberAuthenticationServiceOld:domain=local - PAR::sandbox::12206e82697d... authenticated new token with expiry 2026-07-01T13:58:59.846446Z
2026-07-01 13:58:59,846 [canton-env-ec-71] INFO  c.d.c.d.s.a.MemberAuthenticationServiceOld:domain=local - PAR::sandbox::12206e82697d... authenticated new token with expiry 2026-07-01T13:58:59.846790Z
2026-07-01 14:49:24,734 [canton-env-ec-28] INFO  c.d.c.d.s.s.GrpcSequencerService:domain=local tid:37716c9ba958c6381f206d86a1c8208d - 'PAR::sandbox::12206e82697d...' sends request with id 'tick-460c6dcc-5ae0-46b4-9475-9fe1a5a70f53' of size 337 bytes with 0 envelopes.
2026-07-01 14:49:28,921 [canton-env-ec-74] INFO  c.d.c.s.c.t.GrpcSequencerSubscription:participant=sandbox/domainId=local::12207accedc2 - The sequencer subscription has been terminated by the server.
2026-07-01 14:49:28,922 [canton-env-ec-48] INFO  c.d.c.s.c.t.GrpcSubscriptionErrorRetryPolicy:participant=sandbox/domainId=local::12207accedc2 - Trying to reconnect to give the sequencer the opportunity to become available again (after Connection terminated by the server.)
2026-07-01 14:49:28,924 [canton-env-ec-48] INFO  c.d.c.s.c.t.GrpcSequencerSubscription:domain=local/client=topology-manager - The sequencer subscription has been terminated by the server.
2026-07-01 14:49:28,924 [canton-env-ec-74] INFO  c.d.c.s.c.t.GrpcSubscriptionErrorRetryPolicy:domain=local/client=topology-manager - Trying to reconnect to give the sequencer the opportunity to become available again (after Connection terminated by the server.)
2026-07-01 14:49:28,925 [canton-env-ec-21] INFO  c.d.c.s.c.t.GrpcSequencerSubscription:domain=local/client=mediator - The sequencer subscription has been terminated by the server.
2026-07-01 14:49:28,925 [canton-env-ec-23] INFO  c.d.c.s.c.t.GrpcSubscriptionErrorRetryPolicy:domain=local/client=mediator - Trying to reconnect to give the sequencer the opportunity to become available again (after Connection terminated by the server.)
2026-07-01 14:49:28,934 [canton-env-ec-24] INFO  c.d.c.d.s.a.MemberAuthenticationServiceOld:domain=local - DOM::local::12207accedc2... authenticated new token with expiry 2026-07-01T14:49:28.934262Z
2026-07-01 14:49:28,937 [canton-env-ec-28] INFO  c.d.c.d.s.a.MemberAuthenticationServiceOld:domain=local - MED::local::12207accedc2... authenticated new token with expiry 2026-07-01T14:49:28.937189Z
2026-07-01 14:49:28,938 [canton-env-ec-82] INFO  c.d.c.d.s.s.GrpcSequencerService:domain=local tid:2bbcb59ab8a4293317e3a4d9c0f68380 - 'DOM::local::12207accedc2...' sends request with id 'tick-4159d24f-92ef-4c57-8d17-2900c2f2f934' of size 336 bytes with 0 envelopes.
2026-07-01 14:49:28,939 [canton-env-ec-88] INFO  c.d.c.d.s.s.GrpcSequencerService:domain=local tid:09bf309c5fddb833816e60c1af0fd24f - 'MED::local::12207accedc2...' sends request with id 'tick-8cd6106e-a3b1-411a-8376-616a118318d0' of size 335 bytes with 0 envelopes.
2026-07-01 14:49:28,980 [canton-env-ec-79] INFO  c.d.c.d.s.s.GrpcSequencerService:domain=local - MED::local::12207accedc2... subscribes from counter=35
2026-07-01 14:49:28,984 [canton-env-ec-30] INFO  c.d.c.d.s.s.GrpcSequencerService:domain=local - DOM::local::12207accedc2... subscribes from counter=21
2026-07-01 14:49:28,985 [canton-env-ec-74] INFO  c.d.c.d.s.s.GrpcSequencerService:domain=local - PAR::sandbox::12206e82697d... subscribes from counter=45
2026-07-01 14:59:59,487 [canton-env-ec-28] INFO  c.d.c.d.s.a.MemberAuthenticationServiceOld:domain=local - PAR::sandbox::12206e82697d... authenticated new token with expiry 2026-07-01T14:59:59.487790Z
2026-07-01 14:59:59,489 [canton-env-ec-82] INFO  c.d.c.d.s.a.MemberAuthenticationServiceOld:domain=local - PAR::sandbox::12206e82697d... authenticated new token with expiry 2026-07-01T14:59:59.489706Z
2026-07-01 14:59:59,490 [canton-env-ec-74] INFO  c.d.c.d.s.a.MemberAuthenticationServiceOld:domain=local - PAR::sandbox::12206e82697d... authenticated new token with expiry 2026-07-01T14:59:59.490837Z
2026-07-01 15:17:37,469 [daml.index.db.connection.indexer housekeeper] WARN  com.zaxxer.hikari.pool.HikariPool - daml.index.db.connection.indexer - Thread starvation or clock leap detected (housekeeper delta=1h18m40s945ms).
2026-07-01 15:17:37,469 [daml.index.db.connection.api-server housekeeper] WARN  com.zaxxer.hikari.pool.HikariPool - daml.index.db.connection.api-server - Thread starvation or clock leap detected (housekeeper delta=1h18m40s946ms).
2026-07-01 15:17:40,039 [canton-env-ec-73] INFO  c.d.c.s.c.t.GrpcSequencerSubscription:participant=sandbox/domainId=local::12207accedc2 - The sequencer subscription has been terminated by the server.
2026-07-01 15:17:40,039 [canton-env-ec-24] INFO  c.d.c.s.c.t.GrpcSubscriptionErrorRetryPolicy:participant=sandbox/domainId=local::12207accedc2 - Trying to reconnect to give the sequencer the opportunity to become available again (after Connection terminated by the server.)
2026-07-01 15:17:40,104 [canton-env-ec-79] INFO  c.d.c.d.s.s.GrpcSequencerService:domain=local - PAR::sandbox::12206e82697d... subscribes from counter=45
2026-07-01 16:01:05,122 [canton-env-ec-28] INFO  c.d.c.d.s.a.MemberAuthenticationServiceOld:domain=local - PAR::sandbox::12206e82697d... authenticated new token with expiry 2026-07-01T16:01:05.121592Z
2026-07-01 16:01:05,122 [canton-env-ec-79] INFO  c.d.c.d.s.a.MemberAuthenticationServiceOld:domain=local - PAR::sandbox::12206e82697d... authenticated new token with expiry 2026-07-01T16:01:05.121855Z
2026-07-01 16:01:05,122 [canton-env-ec-73] INFO  c.d.c.d.s.a.MemberAuthenticationServiceOld:domain=local - PAR::sandbox::12206e82697d... authenticated new token with expiry 2026-07-01T16:01:05.122073Z
2026-07-01 16:16:26,604 [daml.index.db.connection.api-server housekeeper] WARN  com.zaxxer.hikari.pool.HikariPool - daml.index.db.connection.api-server - Thread starvation or clock leap detected (housekeeper delta=58m49s136ms).
2026-07-01 16:16:26,604 [daml.index.db.connection.indexer housekeeper] WARN  com.zaxxer.hikari.pool.HikariPool - daml.index.db.connection.indexer - Thread starvation or clock leap detected (housekeeper delta=58m49s136ms).
2026-07-01 16:51:44,249 [daml.index.db.threadpool.connection.indexer-15] INFO  c.d.c.p.i.MeteringAggregator:participant=sandbox - Aggregating transaction metering for LedgerMeteringEnd(Offset(Bytes(00000000000000000e)),2026-07-01T05:00:00Z)
2026-07-01 16:51:44,253 [daml.index.db.threadpool.connection.indexer-15] INFO  c.d.c.p.i.MeteringAggregator:participant=sandbox - Aggregating transaction metering completed up to LedgerMeteringEnd(Offset(Bytes(00000000000000000e)),2026-07-01T05:00:00Z)
2026-07-01 16:51:44,254 [daml.index.db.threadpool.connection.indexer-15] INFO  c.d.c.p.i.MeteringAggregator:participant=sandbox - Aggregating transaction metering for LedgerMeteringEnd(Offset(Bytes(00000000000000000e)),2026-07-01T06:00:00Z)
2026-07-01 16:51:44,255 [daml.index.db.threadpool.connection.indexer-15] INFO  c.d.c.p.i.MeteringAggregator:participant=sandbox - Aggregating transaction metering completed up to LedgerMeteringEnd(Offset(Bytes(00000000000000000e)),2026-07-01T06:00:00Z)
2026-07-01 16:51:44,257 [daml.index.db.threadpool.connection.indexer-0] INFO  c.d.c.p.i.MeteringAggregator:participant=sandbox - Aggregating transaction metering for LedgerMeteringEnd(Offset(Bytes(00000000000000000e)),2026-07-01T07:00:00Z)
2026-07-01 16:51:44,259 [daml.index.db.threadpool.connection.indexer-0] INFO  c.d.c.p.i.MeteringAggregator:participant=sandbox - Aggregating transaction metering completed up to LedgerMeteringEnd(Offset(Bytes(00000000000000000e)),2026-07-01T07:00:00Z)
2026-07-01 16:51:44,263 [daml.index.db.threadpool.connection.indexer-16] INFO  c.d.c.p.i.MeteringAggregator:participant=sandbox - Aggregating transaction metering for LedgerMeteringEnd(Offset(Bytes(00000000000000000e)),2026-07-01T08:00:00Z)
2026-07-01 16:51:44,264 [daml.index.db.threadpool.connection.indexer-16] INFO  c.d.c.p.i.MeteringAggregator:participant=sandbox - Aggregating transaction metering completed up to LedgerMeteringEnd(Offset(Bytes(00000000000000000e)),2026-07-01T08:00:00Z)
2026-07-01 16:51:44,266 [daml.index.db.threadpool.connection.indexer-16] INFO  c.d.c.p.i.MeteringAggregator:participant=sandbox - Aggregating transaction metering for LedgerMeteringEnd(Offset(Bytes(00000000000000000e)),2026-07-01T09:00:00Z)
2026-07-01 16:51:44,267 [daml.index.db.threadpool.connection.indexer-16] INFO  c.d.c.p.i.MeteringAggregator:participant=sandbox - Aggregating transaction metering completed up to LedgerMeteringEnd(Offset(Bytes(00000000000000000e)),2026-07-01T09:00:00Z)
2026-07-01 16:51:44,269 [daml.index.db.threadpool.connection.indexer-16] INFO  c.d.c.p.i.MeteringAggregator:participant=sandbox - Aggregating transaction metering for LedgerMeteringEnd(Offset(Bytes(00000000000000000e)),2026-07-01T10:00:00Z)
2026-07-01 16:51:44,271 [daml.index.db.threadpool.connection.indexer-16] INFO  c.d.c.p.i.MeteringAggregator:participant=sandbox - Aggregating transaction metering completed up to LedgerMeteringEnd(Offset(Bytes(00000000000000000e)),2026-07-01T10:00:00Z)
2026-07-01 16:51:44,275 [daml.index.db.threadpool.connection.indexer-16] INFO  c.d.c.p.i.MeteringAggregator:participant=sandbox - Aggregating transaction metering for LedgerMeteringEnd(Offset(Bytes(00000000000000000e)),2026-07-01T11:00:00Z)
2026-07-01 16:51:44,276 [daml.index.db.threadpool.connection.indexer-16] INFO  c.d.c.p.i.MeteringAggregator:participant=sandbox - Aggregating transaction metering completed up to LedgerMeteringEnd(Offset(Bytes(00000000000000000e)),2026-07-01T11:00:00Z)
2026-07-01 16:51:44,277 [daml.index.db.threadpool.connection.indexer-4] INFO  c.d.c.p.i.MeteringAggregator:participant=sandbox - Aggregating transaction metering for LedgerMeteringEnd(Offset(Bytes(00000000000000000e)),2026-07-01T12:00:00Z)
2026-07-01 16:51:44,279 [daml.index.db.threadpool.connection.indexer-4] INFO  c.d.c.p.i.MeteringAggregator:participant=sandbox - Aggregating transaction metering completed up to LedgerMeteringEnd(Offset(Bytes(00000000000000000e)),2026-07-01T12:00:00Z)
2026-07-01 16:51:44,282 [daml.index.db.threadpool.connection.indexer-6] INFO  c.d.c.p.i.MeteringAggregator:participant=sandbox - Aggregating transaction metering for LedgerMeteringEnd(Offset(Bytes(00000000000000000e)),2026-07-01T13:00:00Z)
2026-07-01 16:51:44,283 [daml.index.db.threadpool.connection.indexer-6] INFO  c.d.c.p.i.MeteringAggregator:participant=sandbox - Aggregating transaction metering completed up to LedgerMeteringEnd(Offset(Bytes(00000000000000000e)),2026-07-01T13:00:00Z)
2026-07-01 16:51:44,286 [daml.index.db.threadpool.connection.indexer-7] INFO  c.d.c.p.i.MeteringAggregator:participant=sandbox - Aggregating transaction metering for LedgerMeteringEnd(Offset(Bytes(00000000000000000e)),2026-07-01T14:00:00Z)
2026-07-01 16:51:44,286 [daml.index.db.threadpool.connection.indexer-7] INFO  c.d.c.p.i.MeteringAggregator:participant=sandbox - Aggregating transaction metering completed up to LedgerMeteringEnd(Offset(Bytes(00000000000000000e)),2026-07-01T14:00:00Z)
2026-07-01 16:51:44,289 [daml.index.db.threadpool.connection.indexer-12] INFO  c.d.c.p.i.MeteringAggregator:participant=sandbox - Aggregating transaction metering for LedgerMeteringEnd(Offset(Bytes(00000000000000000e)),2026-07-01T15:00:00Z)
2026-07-01 16:51:44,290 [daml.index.db.threadpool.connection.indexer-12] INFO  c.d.c.p.i.MeteringAggregator:participant=sandbox - Aggregating transaction metering completed up to LedgerMeteringEnd(Offset(Bytes(00000000000000000e)),2026-07-01T15:00:00Z)
2026-07-01 17:09:42,162 [canton-env-ec-73] INFO  c.d.c.d.s.a.MemberAuthenticationServiceOld:domain=local - PAR::sandbox::12206e82697d... authenticated new token with expiry 2026-07-01T17:09:42.161880Z
2026-07-01 17:09:42,163 [canton-env-ec-28] INFO  c.d.c.d.s.a.MemberAuthenticationServiceOld:domain=local - PAR::sandbox::12206e82697d... authenticated new token with expiry 2026-07-01T17:09:42.163136Z
2026-07-01 17:09:42,164 [canton-env-ec-73] INFO  c.d.c.d.s.a.MemberAuthenticationServiceOld:domain=local - PAR::sandbox::12206e82697d... authenticated new token with expiry 2026-07-01T17:09:42.164118Z
2026-07-01 17:27:28,992 [canton-env-ec-71] INFO  c.d.c.s.c.t.GrpcSequencerSubscription:domain=local/client=topology-manager - The sequencer subscription has been terminated by the server.
2026-07-01 17:27:28,992 [canton-env-ec-82] INFO  c.d.c.s.c.t.GrpcSequencerSubscription:domain=local/client=mediator - The sequencer subscription has been terminated by the server.
2026-07-01 17:27:28,998 [canton-env-ec-24] INFO  c.d.c.s.c.t.GrpcSubscriptionErrorRetryPolicy:domain=local/client=mediator - Trying to reconnect to give the sequencer the opportunity to become available again (after Connection terminated by the server.)
2026-07-01 17:27:28,998 [canton-env-ec-74] INFO  c.d.c.s.c.t.GrpcSubscriptionErrorRetryPolicy:domain=local/client=topology-manager - Trying to reconnect to give the sequencer the opportunity to become available again (after Connection terminated by the server.)
2026-07-01 17:27:29,002 [canton-env-ec-28] INFO  c.d.c.s.c.t.GrpcSequencerSubscription:participant=sandbox/domainId=local::12207accedc2 - The sequencer subscription has been terminated by the server.
2026-07-01 17:27:29,002 [canton-env-ec-70] INFO  c.d.c.s.c.t.GrpcSubscriptionErrorRetryPolicy:participant=sandbox/domainId=local::12207accedc2 - Trying to reconnect to give the sequencer the opportunity to become available again (after Connection terminated by the server.)
2026-07-01 17:27:29,007 [canton-env-ec-24] INFO  c.d.c.d.s.a.MemberAuthenticationServiceOld:domain=local - DOM::local::12207accedc2... authenticated new token with expiry 2026-07-01T17:27:29.006792Z
2026-07-01 17:27:29,015 [canton-env-ec-28] INFO  c.d.c.d.s.a.MemberAuthenticationServiceOld:domain=local - MED::local::12207accedc2... authenticated new token with expiry 2026-07-01T17:27:29.014596Z
2026-07-01 17:27:29,055 [canton-env-ec-82] INFO  c.d.c.d.s.s.GrpcSequencerService:domain=local - PAR::sandbox::12206e82697d... subscribes from counter=45
2026-07-01 17:27:29,062 [canton-env-ec-23] INFO  c.d.c.d.s.s.GrpcSequencerService:domain=local - DOM::local::12207accedc2... subscribes from counter=22
2026-07-01 17:27:29,065 [canton-env-ec-88] INFO  c.d.c.d.s.s.GrpcSequencerService:domain=local - MED::local::12207accedc2... subscribes from counter=36
2026-07-01 17:44:02,181 [daml.index.db.connection.indexer housekeeper] WARN  com.zaxxer.hikari.pool.HikariPool - daml.index.db.connection.indexer - Thread starvation or clock leap detected (housekeeper delta=1h27m35s577ms).
2026-07-01 17:44:02,181 [daml.index.db.connection.api-server housekeeper] WARN  com.zaxxer.hikari.pool.HikariPool - daml.index.db.connection.api-server - Thread starvation or clock leap detected (housekeeper delta=1h27m35s577ms).
2026-07-01 18:17:34,076 [canton-env-ec-73] INFO  c.d.c.d.s.a.MemberAuthenticationServiceOld:domain=local - PAR::sandbox::12206e82697d... authenticated new token with expiry 2026-07-01T18:17:34.076052Z
2026-07-01 18:17:34,077 [canton-env-ec-73] INFO  c.d.c.d.s.a.MemberAuthenticationServiceOld:domain=local - PAR::sandbox::12206e82697d... authenticated new token with expiry 2026-07-01T18:17:34.077160Z
2026-07-01 18:17:34,078 [canton-env-ec-70] INFO  c.d.c.d.s.a.MemberAuthenticationServiceOld:domain=local - PAR::sandbox::12206e82697d... authenticated new token with expiry 2026-07-01T18:17:34.077909Z
2026-07-01 19:07:51,434 [daml.index.db.connection.indexer housekeeper] WARN  com.zaxxer.hikari.pool.HikariPool - daml.index.db.connection.indexer - Thread starvation or clock leap detected (housekeeper delta=1h23m49s253ms).
2026-07-01 19:07:51,434 [daml.index.db.connection.api-server housekeeper] WARN  com.zaxxer.hikari.pool.HikariPool - daml.index.db.connection.api-server - Thread starvation or clock leap detected (housekeeper delta=1h23m49s253ms).
2026-07-01 19:18:35,623 [canton-env-ec-82] INFO  c.d.c.d.s.a.MemberAuthenticationServiceOld:domain=local - PAR::sandbox::12206e82697d... authenticated new token with expiry 2026-07-01T19:18:35.623504Z
2026-07-01 19:18:35,624 [canton-env-ec-70] INFO  c.d.c.d.s.a.MemberAuthenticationServiceOld:domain=local - PAR::sandbox::12206e82697d... authenticated new token with expiry 2026-07-01T19:18:35.623985Z
2026-07-01 19:18:35,624 [canton-env-ec-21] INFO  c.d.c.d.s.a.MemberAuthenticationServiceOld:domain=local - PAR::sandbox::12206e82697d... authenticated new token with expiry 2026-07-01T19:18:35.624124Z
2026-07-01 20:19:37,204 [canton-env-ec-70] INFO  c.d.c.d.s.a.MemberAuthenticationServiceOld:domain=local - PAR::sandbox::12206e82697d... authenticated new token with expiry 2026-07-01T20:19:37.203893Z
2026-07-01 20:19:37,205 [canton-env-ec-23] INFO  c.d.c.d.s.a.MemberAuthenticationServiceOld:domain=local - PAR::sandbox::12206e82697d... authenticated new token with expiry 2026-07-01T20:19:37.205014Z
2026-07-01 20:19:37,206 [canton-env-ec-88] INFO  c.d.c.d.s.a.MemberAuthenticationServiceOld:domain=local - PAR::sandbox::12206e82697d... authenticated new token with expiry 2026-07-01T20:19:37.206521Z
2026-07-01 20:19:38,760 [daml.index.db.connection.api-server housekeeper] WARN  com.zaxxer.hikari.pool.HikariPool - daml.index.db.connection.api-server - Thread starvation or clock leap detected (housekeeper delta=1h11m47s326ms).
2026-07-01 20:19:38,760 [daml.index.db.connection.indexer housekeeper] WARN  com.zaxxer.hikari.pool.HikariPool - daml.index.db.connection.indexer - Thread starvation or clock leap detected (housekeeper delta=1h11m47s326ms).
2026-07-01 20:35:41,711 [canton-env-ec-70] INFO  c.d.c.s.c.t.GrpcSequencerSubscription:participant=sandbox/domainId=local::12207accedc2 - The sequencer subscription has been terminated by the server.
2026-07-01 20:35:41,712 [canton-env-ec-23] INFO  c.d.c.s.c.t.GrpcSubscriptionErrorRetryPolicy:participant=sandbox/domainId=local::12207accedc2 - Trying to reconnect to give the sequencer the opportunity to become available again (after Connection terminated by the server.)
2026-07-01 20:35:41,716 [canton-env-ec-24] INFO  c.d.c.s.c.t.GrpcSequencerSubscription:domain=local/client=topology-manager - The sequencer subscription has been terminated by the server.
2026-07-01 20:35:41,716 [canton-env-ec-71] INFO  c.d.c.s.c.t.GrpcSubscriptionErrorRetryPolicy:domain=local/client=topology-manager - Trying to reconnect to give the sequencer the opportunity to become available again (after Connection terminated by the server.)
2026-07-01 20:35:41,717 [canton-env-ec-74] INFO  c.d.c.s.c.t.GrpcSequencerSubscription:domain=local/client=mediator - The sequencer subscription has been terminated by the server.
2026-07-01 20:35:41,717 [canton-env-ec-21] INFO  c.d.c.s.c.t.GrpcSubscriptionErrorRetryPolicy:domain=local/client=mediator - Trying to reconnect to give the sequencer the opportunity to become available again (after Connection terminated by the server.)
2026-07-01 20:35:41,731 [canton-env-ec-28] INFO  c.d.c.d.s.a.MemberAuthenticationServiceOld:domain=local - DOM::local::12207accedc2... authenticated new token with expiry 2026-07-01T20:35:41.731464Z
2026-07-01 20:35:41,732 [canton-env-ec-21] INFO  c.d.c.d.s.a.MemberAuthenticationServiceOld:domain=local - MED::local::12207accedc2... authenticated new token with expiry 2026-07-01T20:35:41.731911Z
2026-07-01 20:35:41,779 [canton-env-ec-21] INFO  c.d.c.d.s.s.GrpcSequencerService:domain=local - DOM::local::12207accedc2... subscribes from counter=22
2026-07-01 20:35:41,786 [canton-env-ec-24] INFO  c.d.c.d.s.s.GrpcSequencerService:domain=local - PAR::sandbox::12206e82697d... subscribes from counter=45
2026-07-01 20:35:41,793 [canton-env-ec-74] INFO  c.d.c.d.s.s.GrpcSequencerService:domain=local - MED::local::12207accedc2... subscribes from counter=36
2026-07-01 21:13:19,605 [daml.index.db.connection.api-server housekeeper] WARN  com.zaxxer.hikari.pool.HikariPool - daml.index.db.connection.api-server - Thread starvation or clock leap detected (housekeeper delta=53m40s844ms).
2026-07-01 21:13:19,606 [daml.index.db.connection.indexer housekeeper] WARN  com.zaxxer.hikari.pool.HikariPool - daml.index.db.connection.indexer - Thread starvation or clock leap detected (housekeeper delta=53m40s846ms).
